<?xml version="1.0" encoding="UTF-8"?>
<!-- Generated by org.testng.reporters.JUnitReportReporter -->
<testsuite skipped="0" hostname="TL0020" name="testcase.TC_001_LoginTest" tests="1" failures="0" timestamp="2023-04-15T19:11:43 IST" time="7.699" errors="0">
  <testcase name="runLogin" time="7.699" classname="testcase.TC_001_LoginTest"/>
  <system-out/>
</testsuite> <!-- testcase.TC_001_LoginTest -->
