<?xml version="1.0" encoding="UTF-8"?>
<!-- Generated by org.testng.reporters.JUnitReportReporter -->
<testsuite skipped="0" hostname="TL0020" name="testcase.TC_002_CreateLead" tests="2" failures="0" timestamp="2023-04-16T15:11:51 IST" time="33.245" errors="0">
  <testcase name="runCreateLead" time="18.403" classname="testcase.TC_002_CreateLead"/>
  <system-out/>
  <testcase name="runCreateLead" time="14.842" classname="testcase.TC_002_CreateLead"/>
  <system-out/>
</testsuite> <!-- testcase.TC_002_CreateLead -->
