<?xml version="1.0" encoding="UTF-8"?>
<!-- Generated by org.testng.reporters.JUnitReportReporter -->
<testsuite skipped="0" hostname="TL0020" name="testcase.TC_001_LoginTest" tests="2" failures="0" timestamp="2023-04-16T15:11:51 IST" time="14.803" errors="0">
  <testcase name="runLogin" time="5.106" classname="testcase.TC_001_LoginTest"/>
  <system-out/>
  <testcase name="runLogin" time="9.697" classname="testcase.TC_001_LoginTest"/>
  <system-out/>
</testsuite> <!-- testcase.TC_001_LoginTest -->
