<?xml version="1.0" encoding="UTF-8"?>
<!-- Generated by org.testng.reporters.JUnitReportReporter -->
<testsuite skipped="0" hostname="TL0020" name="testcase.TC_002_CreateLead" tests="1" failures="0" timestamp="2023-04-15T19:11:43 IST" time="14.578" errors="0">
  <testcase name="runCreateLead" time="14.578" classname="testcase.TC_002_CreateLead"/>
  <system-out/>
</testsuite> <!-- testcase.TC_002_CreateLead -->
